[2024-12-14T04:47:40.256+0000] {manager.py:470} INFO - Processing files using up to 2 processes at a time 
[2024-12-14T04:47:40.259+0000] {manager.py:471} INFO - Process each file at most once every 30 seconds
[2024-12-14T04:47:40.265+0000] {manager.py:472} INFO - Checking for new files in /opt/airflow/dags every 300 seconds
[2024-12-14T04:47:40.273+0000] {manager.py:737} INFO - Searching for files in /opt/airflow/dags
[2024-12-14T04:47:40.371+0000] {manager.py:740} INFO - There are 1 files in /opt/airflow/dags
[2024-12-14T04:47:40.533+0000] {manager.py:878} INFO - 
================================================================================
DAG File Processing Stats

File Path                    PID  Runtime      # DAGs    # Errors  Last Runtime    Last Run
-------------------------  -----  ---------  --------  ----------  --------------  ----------
/opt/airflow/dags/main.py    191  0.08s             0           0
================================================================================
[2024-12-14T04:48:11.766+0000] {manager.py:878} INFO - 
================================================================================
DAG File Processing Stats

File Path                  PID    Runtime      # DAGs    # Errors  Last Runtime    Last Run
-------------------------  -----  ---------  --------  ----------  --------------  -------------------
/opt/airflow/dags/main.py                           1           0  0.71s           2024-12-14T04:47:41
================================================================================
[2024-12-14T04:48:42.316+0000] {manager.py:878} INFO - 
================================================================================
DAG File Processing Stats

File Path                  PID    Runtime      # DAGs    # Errors  Last Runtime    Last Run
-------------------------  -----  ---------  --------  ----------  --------------  -------------------
/opt/airflow/dags/main.py                           1           0  1.32s           2024-12-14T04:48:23
================================================================================
[2024-12-14T04:49:13.043+0000] {manager.py:878} INFO - 
================================================================================
DAG File Processing Stats

File Path                  PID    Runtime      # DAGs    # Errors  Last Runtime    Last Run
-------------------------  -----  ---------  --------  ----------  --------------  -------------------
/opt/airflow/dags/main.py                           1           0  0.77s           2024-12-14T04:48:54
================================================================================
[2024-12-14T04:49:43.426+0000] {manager.py:878} INFO - 
================================================================================
DAG File Processing Stats

File Path                  PID    Runtime      # DAGs    # Errors  Last Runtime    Last Run
-------------------------  -----  ---------  --------  ----------  --------------  -------------------
/opt/airflow/dags/main.py                           1           0  0.39s           2024-12-14T04:49:25
================================================================================
[2024-12-14T04:50:13.802+0000] {manager.py:878} INFO - 
================================================================================
DAG File Processing Stats

File Path                  PID    Runtime      # DAGs    # Errors  Last Runtime    Last Run
-------------------------  -----  ---------  --------  ----------  --------------  -------------------
/opt/airflow/dags/main.py                           1           0  1.43s           2024-12-14T04:49:56
================================================================================
[2024-12-14T04:50:44.346+0000] {manager.py:878} INFO - 
================================================================================
DAG File Processing Stats

File Path                  PID    Runtime      # DAGs    # Errors  Last Runtime    Last Run
-------------------------  -----  ---------  --------  ----------  --------------  -------------------
/opt/airflow/dags/main.py                           1           0  0.15s           2024-12-14T04:50:27
================================================================================
[2024-12-14T04:51:14.685+0000] {manager.py:878} INFO - 
================================================================================
DAG File Processing Stats

File Path                  PID    Runtime      # DAGs    # Errors  Last Runtime    Last Run
-------------------------  -----  ---------  --------  ----------  --------------  -------------------
/opt/airflow/dags/main.py                           1           0  0.19s           2024-12-14T04:50:57
================================================================================
[2024-12-14T04:51:44.979+0000] {manager.py:878} INFO - 
================================================================================
DAG File Processing Stats

File Path                  PID    Runtime      # DAGs    # Errors  Last Runtime    Last Run
-------------------------  -----  ---------  --------  ----------  --------------  -------------------
/opt/airflow/dags/main.py                           1           0  0.15s           2024-12-14T04:51:27
================================================================================
